{"message":"server is listening on port 3000","level":"info","timestamp":"2020-08-19T09:53:30.971Z"}
{"message":"mongoose connected","level":"info","timestamp":"2020-08-19T09:53:31.040Z"}
{"message":"Successfully Connected to batabase","level":"info","timestamp":"2020-08-19T09:53:31.046Z"}
{"message":{"currencyOne":"USD","currencyTwo":"INR"},"level":"info","timestamp":"2020-08-19T09:53:31.211Z"}
{"level":"info","message":"USD","timestamp":"2020-08-19T09:53:31.212Z"}
{"message":"USD","level":"info","timestamp":"2020-08-19T09:53:31.212Z"}
{"message":"INR","level":"info","timestamp":"2020-08-19T09:53:31.212Z"}
{"message":74.5809,"level":"info","timestamp":"2020-08-19T09:53:31.213Z"}
{"message":{"currencyOne":"EUR","currencyTwo":"GBP"},"level":"info","timestamp":"2020-08-19T09:53:31.233Z"}
{"level":"info","message":"EUR","timestamp":"2020-08-19T09:53:31.234Z"}
{"message":"EUR","level":"info","timestamp":"2020-08-19T09:53:31.234Z"}
{"message":"GBP","level":"info","timestamp":"2020-08-19T09:53:31.234Z"}
{"message":0.9018243689185179,"level":"info","timestamp":"2020-08-19T09:53:31.235Z"}
{"message":"server is listening on port 3000","level":"info","timestamp":"2020-08-19T09:55:48.830Z"}
{"message":"mongoose connected","level":"info","timestamp":"2020-08-19T09:55:48.908Z"}
{"message":"Successfully Connected to batabase","level":"info","timestamp":"2020-08-19T09:55:48.913Z"}
{"message":{"currencyOne":"EUR","currencyTwo":"GBP"},"level":"info","timestamp":"2020-08-19T09:56:02.739Z"}
{"message":"server is listening on port 3000","level":"info","timestamp":"2020-08-19T09:57:02.661Z"}
{"message":"mongoose connected","level":"info","timestamp":"2020-08-19T09:57:02.727Z"}
{"message":"Successfully Connected to batabase","level":"info","timestamp":"2020-08-19T09:57:02.732Z"}
{"message":{"currencyOne":"USD","currencyTwo":"INR"},"level":"info","timestamp":"2020-08-19T09:57:02.883Z"}
{"level":"info","message":"USD","timestamp":"2020-08-19T09:57:02.883Z"}
{"message":"USD","level":"info","timestamp":"2020-08-19T09:57:02.884Z"}
{"message":"INR","level":"info","timestamp":"2020-08-19T09:57:02.884Z"}
{"message":74.5809,"level":"info","timestamp":"2020-08-19T09:57:02.884Z"}
{"message":74.5809,"level":"info","timestamp":"2020-08-19T09:57:02.884Z"}
{"message":{"currencyOne":"EUR","currencyTwo":"GBP"},"level":"info","timestamp":"2020-08-19T09:57:02.922Z"}
{"level":"info","message":"EUR","timestamp":"2020-08-19T09:57:02.922Z"}
{"message":"EUR","level":"info","timestamp":"2020-08-19T09:57:02.923Z"}
{"message":"GBP","level":"info","timestamp":"2020-08-19T09:57:02.923Z"}
{"message":0.9018243689185179,"level":"info","timestamp":"2020-08-19T09:57:02.923Z"}
{"message":0.9018,"level":"info","timestamp":"2020-08-19T09:57:02.923Z"}
{"message":"server is listening on port 3000","level":"info","timestamp":"2020-08-19T09:57:43.366Z"}
{"message":"mongoose connected","level":"info","timestamp":"2020-08-19T09:57:43.414Z"}
{"message":"Successfully Connected to batabase","level":"info","timestamp":"2020-08-19T09:57:43.419Z"}
{"message":{"currencyOne":"USD","currencyTwo":"INR"},"level":"info","timestamp":"2020-08-19T09:57:43.530Z"}
{"level":"info","message":"USD","timestamp":"2020-08-19T09:57:43.532Z"}
{"message":"USD","level":"info","timestamp":"2020-08-19T09:57:43.532Z"}
{"message":"INR","level":"info","timestamp":"2020-08-19T09:57:43.533Z"}
{"message":74.5809,"level":"info","timestamp":"2020-08-19T09:57:43.533Z"}
{"message":74.5809,"level":"info","timestamp":"2020-08-19T09:57:43.533Z"}
{"message":{"currencyOne":"EUR","currencyTwo":"GBP"},"level":"info","timestamp":"2020-08-19T09:57:43.547Z"}
{"level":"info","message":"EUR","timestamp":"2020-08-19T09:57:43.547Z"}
{"message":"EUR","level":"info","timestamp":"2020-08-19T09:57:43.547Z"}
{"message":"GBP","level":"info","timestamp":"2020-08-19T09:57:43.547Z"}
{"message":0.9018243689185179,"level":"info","timestamp":"2020-08-19T09:57:43.548Z"}
{"message":0.9018,"level":"info","timestamp":"2020-08-19T09:57:43.548Z"}
{"message":"server is listening on port 3000","level":"info","timestamp":"2020-08-19T10:01:45.148Z"}
{"message":"mongoose connected","level":"info","timestamp":"2020-08-19T10:01:45.195Z"}
{"message":"Successfully Connected to batabase","level":"info","timestamp":"2020-08-19T10:01:45.199Z"}
{"message":{"currencyOne":"USD","currencyTwo":"INR"},"level":"info","timestamp":"2020-08-19T10:01:45.297Z"}
{"level":"info","message":"USD","timestamp":"2020-08-19T10:01:45.299Z"}
{"message":"USD","level":"info","timestamp":"2020-08-19T10:01:45.299Z"}
{"message":"INR","level":"info","timestamp":"2020-08-19T10:01:45.300Z"}
{"message":74.5809,"level":"info","timestamp":"2020-08-19T10:01:45.300Z"}
{"message":74.5809,"level":"info","timestamp":"2020-08-19T10:01:45.300Z"}
{"message":{"currencyOne":"EUR","currencyTwo":"GBP"},"level":"info","timestamp":"2020-08-19T10:01:45.318Z"}
{"level":"info","message":"EUR","timestamp":"2020-08-19T10:01:45.318Z"}
{"message":"EUR","level":"info","timestamp":"2020-08-19T10:01:45.318Z"}
{"message":"GBP","level":"info","timestamp":"2020-08-19T10:01:45.318Z"}
{"message":0.9018243689185179,"level":"info","timestamp":"2020-08-19T10:01:45.318Z"}
{"message":0.9018,"level":"info","timestamp":"2020-08-19T10:01:45.319Z"}
{"message":{"currencyOne":"AUD","currencyTwo":"CAD"},"level":"info","timestamp":"2020-08-19T10:01:45.344Z"}
{"level":"info","message":"AUD","timestamp":"2020-08-19T10:01:45.345Z"}
{"message":"AUD","level":"info","timestamp":"2020-08-19T10:01:45.345Z"}
{"message":"CAD","level":"info","timestamp":"2020-08-19T10:01:45.345Z"}
{"message":0.9554317989308272,"level":"info","timestamp":"2020-08-19T10:01:45.345Z"}
{"message":0.9554,"level":"info","timestamp":"2020-08-19T10:01:45.345Z"}
